<?xml version="1.0" encoding="UTF-8"?>
<!-- Generated by org.testng.reporters.JUnitXMLReporter -->
<testsuite hostname="MOB81221" ignored="1" name="Default test(failed)" tests="1" failures="1" timestamp="30 Jun 2018 12:12:06 GMT" time="6.912" errors="0">
  <testcase name="verifyPageTitle2" time="3.52" classname="test.NG.BeforeafterClass">
    <failure type="java.lang.AssertionError" message="expected [Rediff.com: Online Shopping, Rediffmail, Latest India News, Business, Bollywood, Sports, Stock, Live Cricket Score, Money, Movie Reviews] but found [Yahoo]">
      <![CDATA[java.lang.AssertionError: expected [Rediff.com: Online Shopping, Rediffmail, Latest India News, Business, Bollywood, Sports, Stock, Live Cricket Score, Money, Movie Reviews] but found [Yahoo]
	at test.NG.BeforeafterClass.verifyPageTitle2(BeforeafterClass.java:24)
... Removed 31 stack frames]]>
    </failure>
  </testcase> <!-- verifyPageTitle2 -->
  <testcase name="f" time="0.0" classname="test.NG.BeforeafterClass">
    <ignored/>
  </testcase> <!-- f -->
</testsuite> <!-- Default test(failed) -->
