<?xml version="1.0" encoding="UTF-8"?>
<!-- Generated by org.testng.reporters.JUnitXMLReporter -->
<testsuite hostname="MOB81221" ignored="0" name="Test" tests="6" failures="0" timestamp="01 Jul 2018 07:29:21 GMT" time="0.07" errors="0">
  <testcase name="addVendor" time="0.008" classname="test.NG.TestSuite01"/>
  <testcase name="deleteVendor" time="0.002" classname="test.NG.Testsuite02"/>
  <testcase name="addProduct" time="0.005" classname="test.NG.TestSuite01"/>
  <testcase name="deleteProduct" time="0.001" classname="test.NG.Testsuite02"/>
  <testcase name="addCurrency" time="0.002" classname="test.NG.TestSuite01"/>
  <testcase name="deleteCurrency" time="0.002" classname="test.NG.Testsuite02"/>
</testsuite> <!-- Test -->
