<?xml version="1.0" encoding="UTF-8"?>
<testng-results skipped="0" failed="0" ignored="0" total="1" passed="1">
  <reporter-output>
  </reporter-output>
  <suite name="Suite" duration-ms="37" started-at="2017-12-27T15:48:08Z" finished-at="2017-12-27T15:48:08Z">
    <groups>
    </groups>
    <test name="Test" duration-ms="37" started-at="2017-12-27T15:48:08Z" finished-at="2017-12-27T15:48:08Z">
      <class name="test.test.NG.NewTest">
        <test-method status="PASS" signature="addVendor()[pri:1, instance:test.test.NG.NewTest@39aeed2f]" name="addVendor" duration-ms="12" started-at="2017-12-27T21:18:08Z" finished-at="2017-12-27T21:18:08Z">
          <reporter-output>
          </reporter-output>
        </test-method> <!-- addVendor -->
      </class> <!-- test.test.NG.NewTest -->
    </test> <!-- Test -->
  </suite> <!-- Suite -->
</testng-results>
