<?xml version="1.0" encoding="UTF-8"?>
<!-- Generated by org.testng.reporters.JUnitXMLReporter -->
<testsuite hostname="MOB81221" ignored="0" name="FirefoxTest" tests="1" failures="0" timestamp="01 Jul 2018 07:38:27 GMT" time="7.301" errors="0">
  <testcase name="@BeforeTest setup" time="7.271" classname="test.NG.Crossbrowser">
    <failure type="org.openqa.selenium.SessionNotCreatedException" message="Unable to create new remote session. desired capabilities = Capabilities [{marionette=true, browserName=firefox, moz:firefoxOptions=org.openqa.selenium.firefox.FirefoxOptions@336dfe12, version=, platform=ANY, firefox_profile=org.openqa.selenium.firefox.FirefoxProfile@53e75d83}], required capabilities = Capabilities [{}]
Build info: version: &amp;apos;unknown&amp;apos;, revision: &amp;apos;86a5d70&amp;apos;, time: &amp;apos;2017-02-16 07:47:51 -0800&amp;apos;
System info: host: &amp;apos;MOB81221&amp;apos;, ip: &amp;apos;192.168.1.100&amp;apos;, os.name: &amp;apos;Windows 10&amp;apos;, os.arch: &amp;apos;amd64&amp;apos;, os.version: &amp;apos;10.0&amp;apos;, java.version: &amp;apos;1.8.0_111&amp;apos;
Driver info: driver.version: FirefoxDriver">
      <![CDATA[org.openqa.selenium.SessionNotCreatedException: Unable to create new remote session. desired capabilities = Capabilities [{marionette=true, browserName=firefox, moz:firefoxOptions=org.openqa.selenium.firefox.FirefoxOptions@336dfe12, version=, platform=ANY, firefox_profile=org.openqa.selenium.firefox.FirefoxProfile@53e75d83}], required capabilities = Capabilities [{}]
Build info: version: 'unknown', revision: '86a5d70', time: '2017-02-16 07:47:51 -0800'
System info: host: 'MOB81221', ip: '192.168.1.100', os.name: 'Windows 10', os.arch: 'amd64', os.version: '10.0', java.version: '1.8.0_111'
Driver info: driver.version: FirefoxDriver
	at org.openqa.selenium.remote.ProtocolHandshake.createSession(ProtocolHandshake.java:91)
	at org.openqa.selenium.remote.HttpCommandExecutor.execute(HttpCommandExecutor.java:141)
	at org.openqa.selenium.remote.service.DriverCommandExecutor.execute(DriverCommandExecutor.java:82)
	at org.openqa.selenium.remote.RemoteWebDriver.execute(RemoteWebDriver.java:601)
	at org.openqa.selenium.remote.RemoteWebDriver.startSession(RemoteWebDriver.java:241)
	at org.openqa.selenium.remote.RemoteWebDriver.<init>(RemoteWebDriver.java:128)
	at org.openqa.selenium.firefox.FirefoxDriver.<init>(FirefoxDriver.java:293)
	at org.openqa.selenium.firefox.FirefoxDriver.<init>(FirefoxDriver.java:272)
	at org.openqa.selenium.firefox.FirefoxDriver.<init>(FirefoxDriver.java:267)
	at org.openqa.selenium.firefox.FirefoxDriver.<init>(FirefoxDriver.java:263)
	at org.openqa.selenium.firefox.FirefoxDriver.<init>(FirefoxDriver.java:122)
	at test.NG.Crossbrowser.setup(Crossbrowser.java:31)
	at java.util.concurrent.FutureTask.run(FutureTask.java:266)
	at java.util.concurrent.ThreadPoolExecutor.runWorker(ThreadPoolExecutor.java:1142)
	at java.util.concurrent.ThreadPoolExecutor$Worker.run(ThreadPoolExecutor.java:617)
	at java.lang.Thread.run(Thread.java:745)
... Removed 14 stack frames]]>
    </failure>
  </testcase> <!-- @BeforeTest setup -->
  <testcase name="testParameterWithXML" time="0.0" classname="test.NG.Crossbrowser">
    <skipped/>
  </testcase> <!-- testParameterWithXML -->
</testsuite> <!-- FirefoxTest -->
